<?xml version="1.0" encoding="UTF-8"?>
<testsuite xmlns:xsi="http://www.w3.org/2001/XMLSchema-instance" xsi:noNamespaceSchemaLocation="https://maven.apache.org/surefire/maven-surefire-plugin/xsd/surefire-test-report.xsd" name="com.example.appengine.java8.HelloAppEngineTest(sponge_log)" time="2.193" tests="2" errors="0" skipped="0" failures="0">
  <properties>
    <property name="gopherProxySet" value="false"/>
    <property name="awt.toolkit" value="sun.lwawt.macosx.LWCToolkit"/>
    <property name="file.encoding.pkg" value="sun.io"/>
    <property name="java.specification.version" value="1.8"/>
    <property name="sun.cpu.isalist" value=""/>
    <property name="sun.jnu.encoding" value="UTF-8"/>
    <property name="java.class.path" value="/Users/aslisabanci/Documents/repos/getting-started-java/appengine-standard-java8/helloworld/target/test-classes:/Users/aslisabanci/Documents/repos/getting-started-java/appengine-standard-java8/helloworld/target/helloworld-1.0-SNAPSHOT/WEB-INF/classes:/var/root/.m2/repository/com/google/appengine/appengine-api-1.0-sdk/1.9.69/appengine-api-1.0-sdk-1.9.69.jar:/var/root/.m2/repository/javax/servlet/javax.servlet-api/3.1.0/javax.servlet-api-3.1.0.jar:/var/root/.m2/repository/com/google/appengine/appengine-testing/1.9.69/appengine-testing-1.9.69.jar:/var/root/.m2/repository/com/google/appengine/appengine-api-stubs/1.9.69/appengine-api-stubs-1.9.69.jar:/var/root/.m2/repository/com/google/appengine/appengine-tools-sdk/1.9.69/appengine-tools-sdk-1.9.69.jar:/var/root/.m2/repository/com/google/truth/truth/0.42/truth-0.42.jar:/var/root/.m2/repository/com/google/guava/guava/25.1-android/guava-25.1-android.jar:/var/root/.m2/repository/com/google/code/findbugs/jsr305/3.0.2/jsr305-3.0.2.jar:/var/root/.m2/repository/com/google/j2objc/j2objc-annotations/1.1/j2objc-annotations-1.1.jar:/var/root/.m2/repository/org/codehaus/mojo/animal-sniffer-annotations/1.14/animal-sniffer-annotations-1.14.jar:/var/root/.m2/repository/org/checkerframework/checker-compat-qual/2.5.3/checker-compat-qual-2.5.3.jar:/var/root/.m2/repository/org/checkerframework/checker-qual/2.5.3/checker-qual-2.5.3.jar:/var/root/.m2/repository/com/googlecode/java-diff-utils/diffutils/1.3.0/diffutils-1.3.0.jar:/var/root/.m2/repository/com/google/auto/value/auto-value-annotations/1.6.2/auto-value-annotations-1.6.2.jar:/var/root/.m2/repository/com/google/errorprone/error_prone_annotations/2.3.1/error_prone_annotations-2.3.1.jar:/var/root/.m2/repository/junit/junit/4.13-beta-1/junit-4.13-beta-1.jar:/var/root/.m2/repository/org/hamcrest/hamcrest-core/1.3/hamcrest-core-1.3.jar:/var/root/.m2/repository/org/mockito/mockito-core/2.23.4/mockito-core-2.23.4.jar:/var/root/.m2/repository/net/bytebuddy/byte-buddy/1.9.3/byte-buddy-1.9.3.jar:/var/root/.m2/repository/net/bytebuddy/byte-buddy-agent/1.9.3/byte-buddy-agent-1.9.3.jar:/var/root/.m2/repository/org/objenesis/objenesis/2.6/objenesis-2.6.jar:"/>
    <property name="java.vm.vendor" value="Oracle Corporation"/>
    <property name="sun.arch.data.model" value="64"/>
    <property name="java.vendor.url" value="http://java.oracle.com/"/>
    <property name="user.timezone" value=""/>
    <property name="user.country.format" value="TR"/>
    <property name="java.vm.specification.version" value="1.8"/>
    <property name="os.name" value="Mac OS X"/>
    <property name="user.country" value="US"/>
    <property name="sun.java.launcher" value="SUN_STANDARD"/>
    <property name="sun.boot.library.path" value="/Library/Java/JavaVirtualMachines/jdk1.8.0_221.jdk/Contents/Home/jre/lib"/>
    <property name="sun.java.command" value="/Users/aslisabanci/Documents/repos/getting-started-java/appengine-standard-java8/helloworld/target/surefire/surefirebooter8758239230609658425.jar /Users/aslisabanci/Documents/repos/getting-started-java/appengine-standard-java8/helloworld/target/surefire 2019-09-08T20-37-42_140-jvmRun1 surefire1003440867450737994tmp surefire_03676229755768333966tmp"/>
    <property name="surefire.test.class.path" value="/Users/aslisabanci/Documents/repos/getting-started-java/appengine-standard-java8/helloworld/target/test-classes:/Users/aslisabanci/Documents/repos/getting-started-java/appengine-standard-java8/helloworld/target/helloworld-1.0-SNAPSHOT/WEB-INF/classes:/var/root/.m2/repository/com/google/appengine/appengine-api-1.0-sdk/1.9.69/appengine-api-1.0-sdk-1.9.69.jar:/var/root/.m2/repository/javax/servlet/javax.servlet-api/3.1.0/javax.servlet-api-3.1.0.jar:/var/root/.m2/repository/com/google/appengine/appengine-testing/1.9.69/appengine-testing-1.9.69.jar:/var/root/.m2/repository/com/google/appengine/appengine-api-stubs/1.9.69/appengine-api-stubs-1.9.69.jar:/var/root/.m2/repository/com/google/appengine/appengine-tools-sdk/1.9.69/appengine-tools-sdk-1.9.69.jar:/var/root/.m2/repository/com/google/truth/truth/0.42/truth-0.42.jar:/var/root/.m2/repository/com/google/guava/guava/25.1-android/guava-25.1-android.jar:/var/root/.m2/repository/com/google/code/findbugs/jsr305/3.0.2/jsr305-3.0.2.jar:/var/root/.m2/repository/com/google/j2objc/j2objc-annotations/1.1/j2objc-annotations-1.1.jar:/var/root/.m2/repository/org/codehaus/mojo/animal-sniffer-annotations/1.14/animal-sniffer-annotations-1.14.jar:/var/root/.m2/repository/org/checkerframework/checker-compat-qual/2.5.3/checker-compat-qual-2.5.3.jar:/var/root/.m2/repository/org/checkerframework/checker-qual/2.5.3/checker-qual-2.5.3.jar:/var/root/.m2/repository/com/googlecode/java-diff-utils/diffutils/1.3.0/diffutils-1.3.0.jar:/var/root/.m2/repository/com/google/auto/value/auto-value-annotations/1.6.2/auto-value-annotations-1.6.2.jar:/var/root/.m2/repository/com/google/errorprone/error_prone_annotations/2.3.1/error_prone_annotations-2.3.1.jar:/var/root/.m2/repository/junit/junit/4.13-beta-1/junit-4.13-beta-1.jar:/var/root/.m2/repository/org/hamcrest/hamcrest-core/1.3/hamcrest-core-1.3.jar:/var/root/.m2/repository/org/mockito/mockito-core/2.23.4/mockito-core-2.23.4.jar:/var/root/.m2/repository/net/bytebuddy/byte-buddy/1.9.3/byte-buddy-1.9.3.jar:/var/root/.m2/repository/net/bytebuddy/byte-buddy-agent/1.9.3/byte-buddy-agent-1.9.3.jar:/var/root/.m2/repository/org/objenesis/objenesis/2.6/objenesis-2.6.jar:"/>
    <property name="sun.cpu.endian" value="little"/>
    <property name="user.home" value="/var/root"/>
    <property name="user.language" value="en"/>
    <property name="java.specification.vendor" value="Oracle Corporation"/>
    <property name="java.home" value="/Library/Java/JavaVirtualMachines/jdk1.8.0_221.jdk/Contents/Home/jre"/>
    <property name="basedir" value="/Users/aslisabanci/Documents/repos/getting-started-java/appengine-standard-java8/helloworld"/>
    <property name="file.separator" value="/"/>
    <property name="line.separator" value="&#10;"/>
    <property name="java.vm.specification.vendor" value="Oracle Corporation"/>
    <property name="java.specification.name" value="Java Platform API Specification"/>
    <property name="java.awt.graphicsenv" value="sun.awt.CGraphicsEnvironment"/>
    <property name="surefire.real.class.path" value="/Users/aslisabanci/Documents/repos/getting-started-java/appengine-standard-java8/helloworld/target/surefire/surefirebooter8758239230609658425.jar:/var/root/.m2/repository/org/jacoco/org.jacoco.agent/0.7.9/org.jacoco.agent-0.7.9-runtime.jar"/>
    <property name="sun.boot.class.path" value="/Library/Java/JavaVirtualMachines/jdk1.8.0_221.jdk/Contents/Home/jre/lib/resources.jar:/Library/Java/JavaVirtualMachines/jdk1.8.0_221.jdk/Contents/Home/jre/lib/rt.jar:/Library/Java/JavaVirtualMachines/jdk1.8.0_221.jdk/Contents/Home/jre/lib/sunrsasign.jar:/Library/Java/JavaVirtualMachines/jdk1.8.0_221.jdk/Contents/Home/jre/lib/jsse.jar:/Library/Java/JavaVirtualMachines/jdk1.8.0_221.jdk/Contents/Home/jre/lib/jce.jar:/Library/Java/JavaVirtualMachines/jdk1.8.0_221.jdk/Contents/Home/jre/lib/charsets.jar:/Library/Java/JavaVirtualMachines/jdk1.8.0_221.jdk/Contents/Home/jre/lib/jfr.jar:/Library/Java/JavaVirtualMachines/jdk1.8.0_221.jdk/Contents/Home/jre/classes"/>
    <property name="sun.management.compiler" value="HotSpot 64-Bit Tiered Compilers"/>
    <property name="java.runtime.version" value="1.8.0_221-b11"/>
    <property name="user.name" value="root"/>
    <property name="path.separator" value=":"/>
    <property name="os.version" value="10.13.3"/>
    <property name="java.endorsed.dirs" value="/Library/Java/JavaVirtualMachines/jdk1.8.0_221.jdk/Contents/Home/jre/lib/endorsed"/>
    <property name="java.runtime.name" value="Java(TM) SE Runtime Environment"/>
    <property name="file.encoding" value="UTF-8"/>
    <property name="java.vm.name" value="Java HotSpot(TM) 64-Bit Server VM"/>
    <property name="localRepository" value="/var/root/.m2/repository"/>
    <property name="java.vendor.url.bug" value="http://bugreport.sun.com/bugreport/"/>
    <property name="java.io.tmpdir" value="/var/folders/zz/zyxvpxvq6csfxvn_n0000000000000/T/"/>
    <property name="java.version" value="1.8.0_221"/>
    <property name="user.dir" value="/Users/aslisabanci/Documents/repos/getting-started-java/appengine-standard-java8/helloworld"/>
    <property name="os.arch" value="x86_64"/>
    <property name="java.vm.specification.name" value="Java Virtual Machine Specification"/>
    <property name="java.awt.printerjob" value="sun.lwawt.macosx.CPrinterJob"/>
    <property name="sun.os.patch.level" value="unknown"/>
    <property name="java.library.path" value="/Users/aslisabanci/Library/Java/Extensions:/Library/Java/Extensions:/Network/Library/Java/Extensions:/System/Library/Java/Extensions:/usr/lib/java:."/>
    <property name="java.vm.info" value="mixed mode"/>
    <property name="java.vendor" value="Oracle Corporation"/>
    <property name="java.vm.version" value="25.221-b11"/>
    <property name="java.ext.dirs" value="/Users/aslisabanci/Library/Java/Extensions:/Library/Java/JavaVirtualMachines/jdk1.8.0_221.jdk/Contents/Home/jre/lib/ext:/Library/Java/Extensions:/Network/Library/Java/Extensions:/System/Library/Java/Extensions:/usr/lib/java"/>
    <property name="sun.io.unicode.encoding" value="UnicodeBig"/>
    <property name="java.class.version" value="52.0"/>
  </properties>
  <testcase name="helloInfoTest" classname="com.example.appengine.java8.HelloAppEngineTest(sponge_log)" time="1.934"/>
  <testcase name="doGetWritesResponse" classname="com.example.appengine.java8.HelloAppEngineTest(sponge_log)" time="0.01"/>
</testsuite>